# JRE version: OpenJDK Runtime Environment (22.0) (build 22)
# Java VM: OpenJDK 64-Bit Server VM (22, mixed mode, sharing, tiered, compressed oops, compressed class ptrs, g1 gc, linux-amd64)
GC Precious Log:
 CardTable entry size: 512
 Card Set container configuration: InlinePtr #cards 4 size 8 Array Of Cards #cards 32 size 80 Howl #buckets 8 coarsen threshold 7372 Howl Bitmap #cards 1024 size 144 coarsen threshold 921 Card regions per heap region 1 cards per card region 8192
 CPUs: 20 total, 20 available
 Memory: 32017M
 Large Page Support: Disabled
 NUMA Support: Disabled
 Compressed Oops: Enabled (Zero based)
 Heap Region Size: 4M
 Heap Min Capacity: 8M
 Heap Initial Capacity: 504M
 Heap Max Capacity: 8008M
 Pre-touch: Disabled
 Parallel Workers: 15
 Concurrent Workers: 4
 Concurrent Refinement Workers: 15
 Periodic GC: Disabled
Heap:
 garbage-first heap   total reserved 8200192K, committed 139264K, used 48096K [0x000000060b800000, 0x0000000800000000)
  region size 4096K, 6 young (24576K), 2 survivors (8192K)
 Metaspace       used 37482K, committed 37888K, reserved 1114112K
  class space    used 4660K, committed 4864K, reserved 1048576K
GC Heap History (14 events):
Event: 0.230 GC heap before
{Heap before GC invocations=0 (full 0):
 garbage-first heap   total reserved 8200192K, committed 520192K, used 21537K [0x000000060b800000, 0x0000000800000000)
  region size 4096K, 6 young (24576K), 0 survivors (0K)
 Metaspace       used 11453K, committed 11648K, reserved 1114112K
  class space    used 1113K, committed 1216K, reserved 1048576K
}
Event: 0.241 GC heap after
{Heap after GC invocations=1 (full 0):
 garbage-first heap   total reserved 8200192K, committed 520192K, used 6066K [0x000000060b800000, 0x0000000800000000)
  region size 4096K, 1 young (4096K), 1 survivors (4096K)
 Metaspace       used 11453K, committed 11648K, reserved 1114112K
  class space    used 1113K, committed 1216K, reserved 1048576K
}
Event: 0.525 GC heap before
{Heap before GC invocations=1 (full 0):
 garbage-first heap   total reserved 8200192K, committed 520192K, used 30642K [0x000000060b800000, 0x0000000800000000)
  region size 4096K, 7 young (28672K), 1 survivors (4096K)
 Metaspace       used 20345K, committed 20608K, reserved 1114112K
  class space    used 2185K, committed 2304K, reserved 1048576K
}
Event: 0.533 GC heap after
{Heap after GC invocations=2 (full 0):
 garbage-first heap   total reserved 8200192K, committed 520192K, used 10566K [0x000000060b800000, 0x0000000800000000)
  region size 4096K, 1 young (4096K), 1 survivors (4096K)
 Metaspace       used 20345K, committed 20608K, reserved 1114112K
  class space    used 2185K, committed 2304K, reserved 1048576K
}
Event: 0.683 GC heap before
{Heap before GC invocations=2 (full 0):
 garbage-first heap   total reserved 8200192K, committed 520192K, used 55622K [0x000000060b800000, 0x0000000800000000)
  region size 4096K, 12 young (49152K), 1 survivors (4096K)
 Metaspace       used 20774K, committed 21056K, reserved 1114112K
  class space    used 2198K, committed 2304K, reserved 1048576K
}
Event: 0.695 GC heap after
{Heap after GC invocations=3 (full 0):
 garbage-first heap   total reserved 8200192K, committed 520192K, used 15625K [0x000000060b800000, 0x0000000800000000)
  region size 4096K, 2 young (8192K), 2 survivors (8192K)
 Metaspace       used 20774K, committed 21056K, reserved 1114112K
  class space    used 2198K, committed 2304K, reserved 1048576K
}
Event: 0.769 GC heap before
{Heap before GC invocations=3 (full 0):
 garbage-first heap   total reserved 8200192K, committed 520192K, used 36105K [0x000000060b800000, 0x0000000800000000)
  region size 4096K, 8 young (32768K), 2 survivors (8192K)
 Metaspace       used 21213K, committed 21504K, reserved 1114112K
  class space    used 2243K, committed 2368K, reserved 1048576K
}
Event: 0.771 GC heap after
{Heap after GC invocations=4 (full 0):
 garbage-first heap   total reserved 8200192K, committed 520192K, used 16717K [0x000000060b800000, 0x0000000800000000)
  region size 4096K, 3 young (12288K), 3 survivors (12288K)
 Metaspace       used 21213K, committed 21504K, reserved 1114112K
  class space    used 2243K, committed 2368K, reserved 1048576K
}
Event: 1.179 GC heap before
{Heap before GC invocations=5 (full 0):
 garbage-first heap   total reserved 8200192K, committed 81920K, used 74061K [0x000000060b800000, 0x0000000800000000)
  region size 4096K, 17 young (69632K), 3 survivors (12288K)
 Metaspace       used 30819K, committed 31104K, reserved 1114112K
  class space    used 3644K, committed 3776K, reserved 1048576K
}
Event: 1.212 GC heap after
{Heap after GC invocations=6 (full 0):
 garbage-first heap   total reserved 8200192K, committed 311296K, used 31594K [0x000000060b800000, 0x0000000800000000)
  region size 4096K, 6 young (24576K), 6 survivors (24576K)
 Metaspace       used 30819K, committed 31104K, reserved 1114112K
  class space    used 3644K, committed 3776K, reserved 1048576K
}
Event: 3.064 GC heap before
{Heap before GC invocations=6 (full 0):
 garbage-first heap   total reserved 8200192K, committed 311296K, used 97130K [0x000000060b800000, 0x0000000800000000)
  region size 4096K, 24 young (98304K), 6 survivors (24576K)
 Metaspace       used 35811K, committed 36160K, reserved 1114112K
  class space    used 4301K, committed 4480K, reserved 1048576K
}
Event: 3.075 GC heap after
{Heap after GC invocations=7 (full 0):
 garbage-first heap   total reserved 8200192K, committed 311296K, used 37427K [0x000000060b800000, 0x0000000800000000)
  region size 4096K, 3 young (12288K), 3 survivors (12288K)
 Metaspace       used 35811K, committed 36160K, reserved 1114112K
  class space    used 4301K, committed 4480K, reserved 1048576K
}
Event: 3.080 GC heap before
{Heap before GC invocations=7 (full 0):
 garbage-first heap   total reserved 8200192K, committed 311296K, used 37427K [0x000000060b800000, 0x0000000800000000)
  region size 4096K, 4 young (16384K), 3 survivors (12288K)
 Metaspace       used 36146K, committed 36480K, reserved 1114112K
  class space    used 4330K, committed 4480K, reserved 1048576K
}
Event: 3.082 GC heap after
{Heap after GC invocations=8 (full 0):
 garbage-first heap   total reserved 8200192K, committed 311296K, used 35808K [0x000000060b800000, 0x0000000800000000)
  region size 4096K, 2 young (8192K), 2 survivors (8192K)
 Metaspace       used 36146K, committed 36480K, reserved 1114112K
  class space    used 4330K, committed 4480K, reserved 1048576K
}

