# JRE version: OpenJDK Runtime Environment (22.0) (build 22)
# Java VM: OpenJDK 64-Bit Server VM (22, mixed mode, sharing, tiered, compressed oops, compressed class ptrs, g1 gc, linux-amd64)
GC Precious Log:
 CardTable entry size: 512
 Card Set container configuration: InlinePtr #cards 4 size 8 Array Of Cards #cards 32 size 80 Howl #buckets 8 coarsen threshold 7372 Howl Bitmap #cards 1024 size 144 coarsen threshold 921 Card regions per heap region 1 cards per card region 8192
 CPUs: 20 total, 20 available
 Memory: 32017M
 Large Page Support: Disabled
 NUMA Support: Disabled
 Compressed Oops: Enabled (Zero based)
 Heap Region Size: 4M
 Heap Min Capacity: 8M
 Heap Initial Capacity: 504M
 Heap Max Capacity: 8008M
 Pre-touch: Disabled
 Parallel Workers: 15
 Concurrent Workers: 4
 Concurrent Refinement Workers: 15
 Periodic GC: Disabled
Heap:
 garbage-first heap   total reserved 8200192K, committed 311296K, used 87649K [0x000000060b800000, 0x0000000800000000)
  region size 4096K, 21 young (86016K), 6 survivors (24576K)
 Metaspace       used 34533K, committed 34880K, reserved 1114112K
  class space    used 4116K, committed 4288K, reserved 1048576K
GC Heap History (10 events):
Event: 0.232 GC heap before
{Heap before GC invocations=0 (full 0):
 garbage-first heap   total reserved 8200192K, committed 520192K, used 25633K [0x000000060b800000, 0x0000000800000000)
  region size 4096K, 6 young (24576K), 0 survivors (0K)
 Metaspace       used 11639K, committed 11904K, reserved 1114112K
  class space    used 1135K, committed 1280K, reserved 1048576K
}
Event: 0.241 GC heap after
{Heap after GC invocations=1 (full 0):
 garbage-first heap   total reserved 8200192K, committed 520192K, used 6330K [0x000000060b800000, 0x0000000800000000)
  region size 4096K, 1 young (4096K), 1 survivors (4096K)
 Metaspace       used 11639K, committed 11904K, reserved 1114112K
  class space    used 1135K, committed 1280K, reserved 1048576K
}
Event: 0.516 GC heap before
{Heap before GC invocations=1 (full 0):
 garbage-first heap   total reserved 8200192K, committed 520192K, used 30906K [0x000000060b800000, 0x0000000800000000)
  region size 4096K, 7 young (28672K), 1 survivors (4096K)
 Metaspace       used 20360K, committed 20672K, reserved 1114112K
  class space    used 2188K, committed 2304K, reserved 1048576K
}
Event: 0.524 GC heap after
{Heap after GC invocations=2 (full 0):
 garbage-first heap   total reserved 8200192K, committed 520192K, used 10638K [0x000000060b800000, 0x0000000800000000)
  region size 4096K, 1 young (4096K), 1 survivors (4096K)
 Metaspace       used 20360K, committed 20672K, reserved 1114112K
  class space    used 2188K, committed 2304K, reserved 1048576K
}
Event: 0.660 GC heap before
{Heap before GC invocations=2 (full 0):
 garbage-first heap   total reserved 8200192K, committed 520192K, used 59790K [0x000000060b800000, 0x0000000800000000)
  region size 4096K, 13 young (53248K), 1 survivors (4096K)
 Metaspace       used 20793K, committed 21056K, reserved 1114112K
  class space    used 2201K, committed 2304K, reserved 1048576K
}
Event: 0.672 GC heap after
{Heap after GC invocations=3 (full 0):
 garbage-first heap   total reserved 8200192K, committed 520192K, used 14146K [0x000000060b800000, 0x0000000800000000)
  region size 4096K, 2 young (8192K), 2 survivors (8192K)
 Metaspace       used 20793K, committed 21056K, reserved 1114112K
  class space    used 2201K, committed 2304K, reserved 1048576K
}
Event: 0.719 GC heap before
{Heap before GC invocations=3 (full 0):
 garbage-first heap   total reserved 8200192K, committed 520192K, used 30530K [0x000000060b800000, 0x0000000800000000)
  region size 4096K, 8 young (32768K), 2 survivors (8192K)
 Metaspace       used 21185K, committed 21504K, reserved 1114112K
  class space    used 2244K, committed 2432K, reserved 1048576K
}
Event: 0.721 GC heap after
{Heap after GC invocations=4 (full 0):
 garbage-first heap   total reserved 8200192K, committed 520192K, used 15509K [0x000000060b800000, 0x0000000800000000)
  region size 4096K, 3 young (12288K), 3 survivors (12288K)
 Metaspace       used 21185K, committed 21504K, reserved 1114112K
  class space    used 2244K, committed 2432K, reserved 1048576K
}
Event: 1.063 GC heap before
{Heap before GC invocations=5 (full 0):
 garbage-first heap   total reserved 8200192K, committed 81920K, used 68757K [0x000000060b800000, 0x0000000800000000)
  region size 4096K, 17 young (69632K), 3 survivors (12288K)
 Metaspace       used 30775K, committed 31104K, reserved 1114112K
  class space    used 3642K, committed 3776K, reserved 1048576K
}
Event: 1.093 GC heap after
{Heap after GC invocations=6 (full 0):
 garbage-first heap   total reserved 8200192K, committed 311296K, used 30305K [0x000000060b800000, 0x0000000800000000)
  region size 4096K, 6 young (24576K), 6 survivors (24576K)
 Metaspace       used 30775K, committed 31104K, reserved 1114112K
  class space    used 3642K, committed 3776K, reserved 1048576K
}

